0 info it worked if it ends with ok
1 verbose cli [ '/Users/saginadir/.nvm/versions/node/v7.4.0/bin/node',
1 verbose cli   '/Users/saginadir/.nvm/versions/node/v7.4.0/bin/npm',
1 verbose cli   'publish' ]
2 info using npm@4.0.5
3 info using node@v7.4.0
4 verbose publish [ '.' ]
5 silly cache add args [ '.', null ]
6 verbose cache add spec .
7 silly cache add parsed spec Result {
7 silly cache add   raw: '.',
7 silly cache add   scope: null,
7 silly cache add   escapedName: null,
7 silly cache add   name: null,
7 silly cache add   rawSpec: '.',
7 silly cache add   spec: '/Users/saginadir/npm/@saggn/math-sigma',
7 silly cache add   type: 'directory' }
8 verbose addLocalDirectory /Users/saginadir/.npm/math-sigma/1.0.0/package.tgz not in flight; packing
9 verbose correctMkdir /Users/saginadir/.npm correctMkdir not in flight; initializing
10 info lifecycle math-sigma@1.0.0~prepublish: math-sigma@1.0.0
11 silly lifecycle math-sigma@1.0.0~prepublish: no script for prepublish, continuing
12 info lifecycle math-sigma@1.0.0~prepare: math-sigma@1.0.0
13 silly lifecycle math-sigma@1.0.0~prepare: no script for prepare, continuing
14 verbose tar pack [ '/Users/saginadir/.npm/math-sigma/1.0.0/package.tgz',
14 verbose tar pack   '/Users/saginadir/npm/@saggn/math-sigma' ]
15 verbose tarball /Users/saginadir/.npm/math-sigma/1.0.0/package.tgz
16 verbose folder /Users/saginadir/npm/@saggn/math-sigma
17 verbose addLocalTarball adding from inside cache /Users/saginadir/.npm/math-sigma/1.0.0/package.tgz
18 verbose correctMkdir /Users/saginadir/.npm correctMkdir not in flight; initializing
19 silly cache afterAdd math-sigma@1.0.0
20 verbose afterAdd /Users/saginadir/.npm/math-sigma/1.0.0/package/package.json not in flight; writing
21 verbose correctMkdir /Users/saginadir/.npm correctMkdir not in flight; initializing
22 verbose afterAdd /Users/saginadir/.npm/math-sigma/1.0.0/package/package.json written
23 silly publish { name: 'math-sigma',
23 silly publish   version: '1.0.0',
23 silly publish   description: 'Simple Sigma function',
23 silly publish   author: { name: 'Sagi Sergio Nadir', email: 'saginadir@gmail.com' },
23 silly publish   repository: { type: 'git', url: '' },
23 silly publish   scripts: { build: 'babel src --out-dir lib' },
23 silly publish   devDependencies:
23 silly publish    { 'babel-cli': '^6.22.2',
23 silly publish      'babel-core': '^6.22.1',
23 silly publish      'babel-preset-es2015': '^6.22.0' },
23 silly publish   main: 'lib/index.js',
23 silly publish   license: 'MIT',
23 silly publish   readme: '# Sigma\n\nSum ( x + 1 ), x = 0 to 5\n\nWith the library :\n\n```js\nconst sigma = require(\'math-sigma\');\n\nsigma(x => x + 1, 0, 5); // 21\n```\n\nPlay Online:\nhttps://jsbin.com/guhumaq/4/edit?html,js,console',
23 silly publish   readmeFilename: 'README.md',
23 silly publish   _id: 'math-sigma@1.0.0',
23 silly publish   _shasum: '7808d6e55158a133be4a4ec24334462c887e3de6',
23 silly publish   _from: '.' }
24 info lifecycle math-sigma@1.0.0~prepublishOnly: math-sigma@1.0.0
25 silly lifecycle math-sigma@1.0.0~prepublishOnly: no script for prepublishOnly, continuing
26 verbose getPublishConfig undefined
27 silly mapToRegistry name math-sigma
28 silly mapToRegistry using default registry
29 silly mapToRegistry registry https://registry.npmjs.org/
30 silly mapToRegistry data Result {
30 silly mapToRegistry   raw: 'math-sigma',
30 silly mapToRegistry   scope: null,
30 silly mapToRegistry   escapedName: 'math-sigma',
30 silly mapToRegistry   name: 'math-sigma',
30 silly mapToRegistry   rawSpec: '',
30 silly mapToRegistry   spec: 'latest',
30 silly mapToRegistry   type: 'tag' }
31 silly mapToRegistry uri https://registry.npmjs.org/math-sigma
32 verbose publish registryBase https://registry.npmjs.org/
33 silly publish uploading /Users/saginadir/.npm/math-sigma/1.0.0/package.tgz
34 verbose request uri https://registry.npmjs.org/math-sigma
35 verbose request sending authorization for write operation
36 info attempt registry request try #1 at 9:38:54 AM
37 verbose request using bearer token for auth
38 verbose request id 7ce7fb94e35cb6c7
39 http request PUT https://registry.npmjs.org/math-sigma
40 http 403 https://registry.npmjs.org/math-sigma
41 verbose headers { 'content-type': 'application/json',
41 verbose headers   'cache-control': 'max-age=300',
41 verbose headers   'content-length': '95',
41 verbose headers   'accept-ranges': 'bytes',
41 verbose headers   date: 'Tue, 07 Feb 2017 07:38:56 GMT',
41 verbose headers   via: '1.1 varnish',
41 verbose headers   connection: 'keep-alive',
41 verbose headers   'x-served-by': 'cache-hhn1533-HHN',
41 verbose headers   'x-cache': 'MISS',
41 verbose headers   'x-cache-hits': '0',
41 verbose headers   'x-timer': 'S1486453135.208972,VS0,VE1055',
41 verbose headers   vary: 'Accept-Encoding' }
42 verbose request invalidating /Users/saginadir/.npm/registry.npmjs.org/math-sigma on PUT
43 error publish Failed PUT 403
44 verbose stack Error: "You cannot publish over the previously published version 1.0.0." : math-sigma
44 verbose stack     at makeError (/Users/saginadir/.nvm/versions/node/v7.4.0/lib/node_modules/npm/node_modules/npm-registry-client/lib/request.js:302:12)
44 verbose stack     at CachingRegistryClient.<anonymous> (/Users/saginadir/.nvm/versions/node/v7.4.0/lib/node_modules/npm/node_modules/npm-registry-client/lib/request.js:290:14)
44 verbose stack     at Request._callback (/Users/saginadir/.nvm/versions/node/v7.4.0/lib/node_modules/npm/node_modules/npm-registry-client/lib/request.js:210:14)
44 verbose stack     at Request.self.callback (/Users/saginadir/.nvm/versions/node/v7.4.0/lib/node_modules/npm/node_modules/request/request.js:186:22)
44 verbose stack     at emitTwo (events.js:106:13)
44 verbose stack     at Request.emit (events.js:191:7)
44 verbose stack     at Request.<anonymous> (/Users/saginadir/.nvm/versions/node/v7.4.0/lib/node_modules/npm/node_modules/request/request.js:1081:10)
44 verbose stack     at emitOne (events.js:96:13)
44 verbose stack     at Request.emit (events.js:188:7)
44 verbose stack     at IncomingMessage.<anonymous> (/Users/saginadir/.nvm/versions/node/v7.4.0/lib/node_modules/npm/node_modules/request/request.js:1001:12)
45 verbose statusCode 403
46 verbose pkgid math-sigma
47 verbose cwd /Users/saginadir/npm/@saggn/math-sigma
48 error Darwin 16.1.0
49 error argv "/Users/saginadir/.nvm/versions/node/v7.4.0/bin/node" "/Users/saginadir/.nvm/versions/node/v7.4.0/bin/npm" "publish"
50 error node v7.4.0
51 error npm  v4.0.5
52 error code E403
53 error "You cannot publish over the previously published version 1.0.0." : math-sigma
54 error If you need help, you may report this error at:
54 error     <https://github.com/npm/npm/issues>
55 verbose exit [ 1, true ]
